0 info it worked if it ends with ok
1 verbose cli [ 'C:\\Program Files\\nodejs\\node.exe',
1 verbose cli   'C:\\Program Files\\nodejs\\node_modules\\npm\\bin\\npm-cli.js',
1 verbose cli   'i',
1 verbose cli   '--save-dev',
1 verbose cli   'webpack@1.14.0',
1 verbose cli   'webpack-dev-server@1.16.2' ]
2 info using npm@3.10.10
3 info using node@v6.11.0
4 silly loadCurrentTree Starting
5 silly install loadCurrentTree
6 silly install readLocalPackageData
7 silly fetchPackageMetaData webpack@1.14.0
8 silly fetchPackageMetaData webpack-dev-server@1.16.2
9 silly fetchNamedPackageData webpack
10 silly mapToRegistry name webpack
11 silly mapToRegistry using default registry
12 silly mapToRegistry registry https://registry.npmjs.org/
13 silly mapToRegistry data Result {
13 silly mapToRegistry   raw: 'webpack',
13 silly mapToRegistry   scope: null,
13 silly mapToRegistry   escapedName: 'webpack',
13 silly mapToRegistry   name: 'webpack',
13 silly mapToRegistry   rawSpec: '',
13 silly mapToRegistry   spec: 'latest',
13 silly mapToRegistry   type: 'tag' }
14 silly mapToRegistry uri https://registry.npmjs.org/webpack
15 silly fetchNamedPackageData webpack-dev-server
16 silly mapToRegistry name webpack-dev-server
17 silly mapToRegistry using default registry
18 silly mapToRegistry registry https://registry.npmjs.org/
19 silly mapToRegistry data Result {
19 silly mapToRegistry   raw: 'webpack-dev-server',
19 silly mapToRegistry   scope: null,
19 silly mapToRegistry   escapedName: 'webpack-dev-server',
19 silly mapToRegistry   name: 'webpack-dev-server',
19 silly mapToRegistry   rawSpec: '',
19 silly mapToRegistry   spec: 'latest',
19 silly mapToRegistry   type: 'tag' }
20 silly mapToRegistry uri https://registry.npmjs.org/webpack-dev-server
21 verbose request uri https://registry.npmjs.org/webpack
22 verbose request no auth needed
23 info attempt registry request try #1 at 23:11:52
24 verbose request id eb801844ce81355b
25 verbose etag "5a4caf77-116c80"
26 verbose lastModified Wed, 3 Jan 2018 10:24:55 GMT
27 http request GET https://registry.npmjs.org/webpack
28 verbose request uri https://registry.npmjs.org/webpack-dev-server
29 verbose request no auth needed
30 info attempt registry request try #1 at 23:11:53
31 verbose etag "5a470a7c-4205b"
32 verbose lastModified Sat, 30 Dec 2017 3:39:40 GMT
33 http request GET https://registry.npmjs.org/webpack-dev-server
34 http 304 https://registry.npmjs.org/webpack-dev-server
35 verbose headers { date: 'Thu, 04 Jan 2018 01:12:59 GMT',
35 verbose headers   via: '1.1 varnish',
35 verbose headers   'cache-control': 'max-age=300',
35 verbose headers   etag: '"5a470a7c-4205b"',
35 verbose headers   age: '13319',
35 verbose headers   connection: 'keep-alive',
35 verbose headers   'x-served-by': 'cache-gru17121-GRU',
35 verbose headers   'x-cache': 'HIT',
35 verbose headers   'x-cache-hits': '27',
35 verbose headers   'x-timer': 'S1515028379.404672,VS0,VE0',
35 verbose headers   vary: 'Accept-Encoding, Accept' }
36 silly get cb [ 304,
36 silly get   { date: 'Thu, 04 Jan 2018 01:12:59 GMT',
36 silly get     via: '1.1 varnish',
36 silly get     'cache-control': 'max-age=300',
36 silly get     etag: '"5a470a7c-4205b"',
36 silly get     age: '13319',
36 silly get     connection: 'keep-alive',
36 silly get     'x-served-by': 'cache-gru17121-GRU',
36 silly get     'x-cache': 'HIT',
36 silly get     'x-cache-hits': '27',
36 silly get     'x-timer': 'S1515028379.404672,VS0,VE0',
36 silly get     vary: 'Accept-Encoding, Accept' } ]
37 verbose etag https://registry.npmjs.org/webpack-dev-server from cache
38 verbose get saving webpack-dev-server to C:\Users\Administrador\AppData\Roaming\npm-cache\registry.npmjs.org\webpack-dev-server\.cache.json
39 verbose correctMkdir C:\Users\Administrador\AppData\Roaming\npm-cache correctMkdir not in flight; initializing
40 http 304 https://registry.npmjs.org/webpack
41 verbose headers { date: 'Thu, 04 Jan 2018 01:12:59 GMT',
41 verbose headers   via: '1.1 varnish',
41 verbose headers   'cache-control': 'max-age=300',
41 verbose headers   etag: '"5a4caf77-116c80"',
41 verbose headers   age: '9940',
41 verbose headers   connection: 'keep-alive',
41 verbose headers   'x-served-by': 'cache-gru17121-GRU',
41 verbose headers   'x-cache': 'HIT',
41 verbose headers   'x-cache-hits': '21',
41 verbose headers   'x-timer': 'S1515028379.438307,VS0,VE0',
41 verbose headers   vary: 'Accept-Encoding, Accept' }
42 silly get cb [ 304,
42 silly get   { date: 'Thu, 04 Jan 2018 01:12:59 GMT',
42 silly get     via: '1.1 varnish',
42 silly get     'cache-control': 'max-age=300',
42 silly get     etag: '"5a4caf77-116c80"',
42 silly get     age: '9940',
42 silly get     connection: 'keep-alive',
42 silly get     'x-served-by': 'cache-gru17121-GRU',
42 silly get     'x-cache': 'HIT',
42 silly get     'x-cache-hits': '21',
42 silly get     'x-timer': 'S1515028379.438307,VS0,VE0',
42 silly get     vary: 'Accept-Encoding, Accept' } ]
43 verbose etag https://registry.npmjs.org/webpack from cache
44 verbose get saving webpack to C:\Users\Administrador\AppData\Roaming\npm-cache\registry.npmjs.org\webpack\.cache.json
45 verbose correctMkdir C:\Users\Administrador\AppData\Roaming\npm-cache correctMkdir not in flight; initializing
46 silly install normalizeTree
47 silly loadCurrentTree Finishing
48 silly loadIdealTree Starting
49 silly install loadIdealTree
50 silly cloneCurrentTree Starting
51 silly install cloneCurrentTreeToIdealTree
52 silly cloneCurrentTree Finishing
53 silly loadShrinkwrap Starting
54 silly install loadShrinkwrap
55 silly loadShrinkwrap Finishing
56 silly loadAllDepsIntoIdealTree Starting
57 silly install loadAllDepsIntoIdealTree
58 silly rollbackFailedOptional Starting
59 silly rollbackFailedOptional Finishing
60 silly runTopLevelLifecycles Finishing
61 silly install printInstalled
62 verbose stack Error: Refusing to install webpack as a dependency of itself
62 verbose stack     at checkSelf (C:\Program Files\nodejs\node_modules\npm\lib\install\validate-args.js:53:14)
62 verbose stack     at Array.<anonymous> (C:\Program Files\nodejs\node_modules\npm\node_modules\slide\lib\bind-actor.js:15:8)
62 verbose stack     at LOOP (C:\Program Files\nodejs\node_modules\npm\node_modules\slide\lib\chain.js:15:14)
62 verbose stack     at chain (C:\Program Files\nodejs\node_modules\npm\node_modules\slide\lib\chain.js:20:5)
62 verbose stack     at C:\Program Files\nodejs\node_modules\npm\lib\install\validate-args.js:16:5
62 verbose stack     at C:\Program Files\nodejs\node_modules\npm\node_modules\slide\lib\async-map.js:52:35
62 verbose stack     at Array.forEach (native)
62 verbose stack     at C:\Program Files\nodejs\node_modules\npm\node_modules\slide\lib\async-map.js:52:11
62 verbose stack     at Array.forEach (native)
62 verbose stack     at asyncMap (C:\Program Files\nodejs\node_modules\npm\node_modules\slide\lib\async-map.js:51:8)
63 verbose cwd c:\Project\react_redux\webpack
64 error Windows_NT 10.0.15063
65 error argv "C:\\Program Files\\nodejs\\node.exe" "C:\\Program Files\\nodejs\\node_modules\\npm\\bin\\npm-cli.js" "i" "--save-dev" "webpack@1.14.0" "webpack-dev-server@1.16.2"
66 error node v6.11.0
67 error npm  v3.10.10
68 error code ENOSELF
69 error Refusing to install webpack as a dependency of itself
70 error If you need help, you may report this error at:
70 error     <https://github.com/npm/npm/issues>
71 verbose exit [ 1, true ]
